<?xml version="1.0" encoding="UTF-8"?>
<!-- Generated by org.testng.reporters.JUnitXMLReporter -->
<testsuite hostname="TEJESWAR" ignored="1" name="Test" tests="5" failures="0" timestamp="21 Jul 2021 07:37:02 GMT" time="0.27" errors="0">
  <testcase name="enterGuestInfo" time="0.041" classname="testcases.BookingSearch"/>
  <testcase name="searchHotel" time="0.004" classname="testcases.BookingSearch"/>
  <testcase name="selectHotel" time="0.011" classname="testcases.BookingSearch"/>
  <testcase name="applyDiscount" time="0.007" classname="testcases.ProjectManager"/>
  <testcase name="makePayment" time="0.003" classname="testcases.ProjectManager"/>
  <testcase name="checkEmail" time="0.0" classname="testcases.CustomerCommunications">
    <ignored/>
  </testcase> <!-- checkEmail -->
</testsuite> <!-- Test -->
