<?xml version="1.0" encoding="UTF-8"?>
<!-- Generated by org.testng.reporters.JUnitXMLReporter -->
<testsuite hostname="TEJESWAR" ignored="0" name="Default test" tests="3" failures="0" timestamp="21 Jul 2021 07:07:51 GMT" time="0.076" errors="0">
  <testcase name="enterGuestInfo" time="0.021" classname="testcases.BookingSearch"/>
  <testcase name="searchHotel" time="0.002" classname="testcases.BookingSearch"/>
  <testcase name="selectHotel" time="0.001" classname="testcases.BookingSearch"/>
</testsuite> <!-- Default test -->
