<?xml version="1.0" encoding="UTF-8"?>
<!-- Generated by org.testng.reporters.JUnitXMLReporter -->
<testsuite hostname="TEJESWAR" ignored="0" name="Create Booking Test" tests="6" failures="0" timestamp="21 Jul 2021 09:54:03 GMT" time="0.093" errors="0">
  <testcase name="searchHotel" time="0.024" classname="testcases.BookingSearch"/>
  <testcase name="selectHotel" time="0.002" classname="testcases.BookingSearch"/>
  <testcase name="enterGuestInfo" time="0.003" classname="testcases.BookingSearch"/>
  <testcase name="applyDiscount" time="0.002" classname="testcases.ProjectManager"/>
  <testcase name="makePayment" time="0.002" classname="testcases.ProjectManager"/>
  <testcase name="checkEmail" time="0.003" classname="testcases.CustomerCommunications"/>
</testsuite> <!-- Create Booking Test -->
