<?xml version="1.0" encoding="UTF-8"?>
<!-- Generated by org.testng.reporters.JUnitXMLReporter -->
<testsuite hostname="TEJESWAR" ignored="0" name="Create Booking Test - No Discount" tests="6" failures="0" timestamp="21 Jul 2021 10:04:09 GMT" time="0.079" errors="0">
  <testcase name="searchHotel" time="0.016" classname="testcases.BookingSearch"/>
  <testcase name="selectHotel" time="0.002" classname="testcases.BookingSearch"/>
  <testcase name="enterGuestInfo" time="0.007" classname="testcases.BookingSearch"/>
  <testcase name="applyDiscount" time="0.002" classname="testcases.ProjectManager"/>
  <testcase name="makePayment" time="0.002" classname="testcases.ProjectManager"/>
  <testcase name="checkEmail" time="0.002" classname="testcases.CustomerCommunications"/>
</testsuite> <!-- Create Booking Test - No Discount -->
