<?xml version="1.0" encoding="UTF-8"?>
<!-- Generated by org.testng.reporters.JUnitXMLReporter -->
<testsuite hostname="TEJESWAR" ignored="1" name="Modify Booking Test - Apply Discount - pay@hotel" tests="6" failures="0" timestamp="21 Jul 2021 18:07:29 GMT" time="0.079" errors="0">
  <testcase name="loadBooking" time="0.015" classname="testcases.BookingSearch"/>
  <testcase name="selectHotel" time="0.002" classname="testcases.BookingSearch"/>
  <testcase name="enterGuestInfo" time="0.001" classname="testcases.BookingSearch"/>
  <testcase name="applyDiscount" time="0.001" classname="testcases.PaymentManager"/>
  <testcase name="makePayment" time="0.003" classname="testcases.PaymentManager"/>
  <testcase name="checkEmail" time="0.002" classname="testcases.CustomerCommunications"/>
  <testcase name="searchHotel" time="0.0" classname="testcases.BookingSearch">
    <ignored/>
  </testcase> <!-- searchHotel -->
</testsuite> <!-- Modify Booking Test - Apply Discount - pay@hotel -->
